<?xml version="1.0" encoding="UTF-8"?>
<!-- Generated by org.testng.reporters.JUnitXMLReporter -->
<testsuite hostname="Nagarajan" ignored="6" name="chromeWindowsLocal" tests="1" failures="0" timestamp="28 Jan 2018 17:08:49 GMT" time="1.509" errors="0">
  <testcase name="bvtVerifyHeaderMenuList" time="1.411" classname="com.automation.scripts.Home"/>
  <testcase name="@BeforeSuite beforeSuite" time="0.0" classname="com.automation.webaccelerators.TestEngineWeb">
    <ignored/>
  </testcase> <!-- @BeforeSuite beforeSuite -->
  <testcase name="@BeforeSuite beforeSuite" time="0.0" classname="com.automation.webaccelerators.TestEngineWeb">
    <ignored/>
  </testcase> <!-- @BeforeSuite beforeSuite -->
  <testcase name="@AfterSuite closeBrowser" time="0.0" classname="com.automation.webaccelerators.TestEngineWeb">
    <ignored/>
  </testcase> <!-- @AfterSuite closeBrowser -->
  <testcase name="@AfterSuite closeBrowser" time="0.0" classname="com.automation.webaccelerators.TestEngineWeb">
    <ignored/>
  </testcase> <!-- @AfterSuite closeBrowser -->
  <testcase name="bvtVerifyLoginErrorMessage" time="0.0" classname="com.automation.scripts.Login">
    <ignored/>
  </testcase> <!-- bvtVerifyLoginErrorMessage -->
  <testcase name="bvtVerifyNewUser" time="0.0" classname="com.automation.scripts.Register">
    <ignored/>
  </testcase> <!-- bvtVerifyNewUser -->
</testsuite> <!-- chromeWindowsLocal -->
